-------------------
| nr   |0    |
| id   |1    |
| |    |0    |
| nr   |0    |
| id   |2    |
| |    |0    |
| nr   |0    |
| id   |3    |
| |    |0    |
| co   |1    |
| =    |0    |
| id   |2    |
| |    |0    |
| co   |2    |
| =    |0    |
| id   |4    |
| |    |0    |
| co   |3    |
| =    |0    |
| id   |3    |
| |    |0    |
| daca |0    |
| (    |0    |
| id   |2    |
| =>   |0    |
| id   |4    |
| )    |0    |
| [    |0    |
| daca |0    |
| (    |0    |
| id   |2    |
| >    |0    |
| id   |3    |
| )    |0    |
| [    |0    |
| ret  |0    |
| id   |2    |
| |    |0    |
| ]    |0    |
| ]    |0    |
| daca |0    |
| (    |0    |
| id   |4    |
| >    |0    |
| id   |3    |
| )    |0    |
| [    |0    |
| ret  |0    |
| id   |4    |
| |    |0    |
| ]    |0    |
| ret  |0    |
| id   |3    |
| |    |0    |
-------------------